<?xml version="1.0" encoding="UTF-8"?>
<!-- Generated by org.testng.reporters.JUnitReportReporter -->
<testsuite skipped="0" hostname="Eman-hamzawy" name="Test.API" tests="3" failures="0" timestamp="2022-04-29T08:09:43 EET" time="7.980" errors="0">
  <testcase name="doAPost" time="7.001" classname="Test.API"/>
  <testcase name="getUsersAssociatedPosts" time="0.460" classname="Test.API"/>
  <testcase name="getUserMail" time="0.519" classname="Test.API"/>
</testsuite> <!-- Test.API -->
