<?xml version="1.0" encoding="UTF-8"?>
<!-- Generated by org.testng.reporters.JUnitReportReporter -->
<testsuite skipped="0" hostname="Eman-hamzawy" name="Tests.Test123" tests="1" failures="0" timestamp="2022-04-26T23:41:59 EET" time="0.009" errors="0">
  <testcase name="launch" time="0.009" classname="Tests.Test123"/>
</testsuite> <!-- Tests.Test123 -->
