<?xml version="1.0" encoding="UTF-8"?>
<!-- Generated by org.testng.reporters.JUnitReportReporter -->
<testsuite skipped="0" hostname="Eman-hamzawy" name="Tests.CheckoutProcedureTest" tests="6" failures="0" timestamp="2022-04-29T07:55:47 EET" time="14.749" errors="0">
  <testcase name="proceedToCheckoutFromCart" time="2.302" classname="Tests.CheckoutProcedureTest"/>
  <testcase name="NavigateToCheckout" time="3.273" classname="Tests.CheckoutProcedureTest"/>
  <testcase name="ProceedCheckoutFromAddress" time="2.038" classname="Tests.CheckoutProcedureTest"/>
  <testcase name="ProceedCheckoutFromShipping" time="2.603" classname="Tests.CheckoutProcedureTest"/>
  <testcase name="payBankWire" time="1.804" classname="Tests.CheckoutProcedureTest"/>
  <testcase name="cofirmMyOrder" time="2.729" classname="Tests.CheckoutProcedureTest"/>
</testsuite> <!-- Tests.CheckoutProcedureTest -->
