<?xml version="1.0" encoding="UTF-8"?>
<!-- Generated by org.testng.reporters.JUnitReportReporter -->
<testsuite skipped="0" hostname="Eman-hamzawy" name="Tests.AuthenticationTest" tests="2" failures="0" timestamp="2022-04-29T07:55:47 EET" time="9.989" errors="0">
  <testcase name="NavigateToAuthPage" time="2.839" classname="Tests.AuthenticationTest"/>
  <testcase name="AuthenticateAsNewUser" time="7.150" classname="Tests.AuthenticationTest"/>
</testsuite> <!-- Tests.AuthenticationTest -->
