<?xml version="1.0" encoding="UTF-8"?>
<!-- Generated by org.testng.reporters.JUnitReportReporter -->
<testsuite skipped="0" hostname="Eman-hamzawy" name="Tests.CheckoutProcedure" tests="6" failures="0" timestamp="2022-04-29T01:38:30 EET" time="18.644" errors="0">
  <testcase name="proceedToCheckoutFromCart" time="3.349" classname="Tests.CheckoutProcedure"/>
  <testcase name="NavigateToCheckout" time="2.914" classname="Tests.CheckoutProcedure"/>
  <testcase name="ProceedCheckoutFromAddress" time="2.599" classname="Tests.CheckoutProcedure"/>
  <testcase name="ProceedCheckoutFromShipping" time="2.735" classname="Tests.CheckoutProcedure"/>
  <testcase name="payBankWire" time="2.052" classname="Tests.CheckoutProcedure"/>
  <testcase name="cofirmMyOrder" time="4.995" classname="Tests.CheckoutProcedure"/>
</testsuite> <!-- Tests.CheckoutProcedure -->
