<?xml version="1.0" encoding="UTF-8"?>
<!-- Generated by org.testng.reporters.JUnitReportReporter -->
<testsuite skipped="0" hostname="Eman-hamzawy" name="Tests.CreateAnAccountTest" tests="4" failures="0" timestamp="2022-04-29T07:55:47 EET" time="35.162" errors="0">
  <testcase name="NavigateToAuthPage" time="4.310" classname="Tests.CreateAnAccountTest"/>
  <testcase name="setMailAdd" time="3.222" classname="Tests.CreateAnAccountTest"/>
  <testcase name="Registration" time="24.304" classname="Tests.CreateAnAccountTest"/>
  <testcase name="logOut" time="3.326" classname="Tests.CreateAnAccountTest"/>
</testsuite> <!-- Tests.CreateAnAccountTest -->
