<?xml version="1.0" encoding="UTF-8"?>
<!-- Generated by org.testng.reporters.JUnitReportReporter -->
<testsuite skipped="0" hostname="Eman-hamzawy" name="Tests.AddProductToCartTest" tests="2" failures="0" timestamp="2022-04-29T07:55:47 EET" time="9.991" errors="0">
  <testcase name="navigateToSubcategory" time="5.115" classname="Tests.AddProductToCartTest"/>
  <testcase name="addProductToCart" time="4.876" classname="Tests.AddProductToCartTest"/>
</testsuite> <!-- Tests.AddProductToCartTest -->
