<?xml version="1.0" encoding="UTF-8"?>
<!-- Generated by org.testng.reporters.JUnitReportReporter -->
<testsuite skipped="0" hostname="Eman-hamzawy" name="Tests.MyAccountTest" tests="1" failures="0" timestamp="2022-04-28T18:32:57 EET" time="7.689" errors="0">
  <testcase name="navigateToSubcategory" time="7.689" classname="Tests.MyAccountTest"/>
</testsuite> <!-- Tests.MyAccountTest -->
