<?xml version="1.0" encoding="UTF-8"?>
<!-- Generated by org.testng.reporters.JUnitReportReporter -->
<testsuite skipped="0" hostname="Eman-hamzawy" name="Tests.productsTest" tests="2" failures="0" timestamp="2022-04-29T01:04:16 EET" time="6.615" errors="0">
  <testcase name="navigateToSubcategory" time="3.795" classname="Tests.productsTest"/>
  <testcase name="addProductToCart" time="2.820" classname="Tests.productsTest"/>
</testsuite> <!-- Tests.productsTest -->
