<?xml version="1.0" encoding="UTF-8"?>
<!-- Generated by org.testng.reporters.JUnitReportReporter -->
<testsuite skipped="0" hostname="Eman-hamzawy" name="Tests.OrderHistoryTest" tests="1" failures="0" timestamp="2022-04-29T07:55:47 EET" time="2.681" errors="0">
  <testcase name="getOrderRef" time="2.681" classname="Tests.OrderHistoryTest"/>
</testsuite> <!-- Tests.OrderHistoryTest -->
